2015/11/20 10:44:54 [error] [exception.CDbException] exception 'CDbException' with message 'CDbConnection failed to open the DB connection: SQLSTATE[28000] [1045] Access denied for user 'root'@'localhost' (using password: NO)' in /var/www/html/yii/framework/db/CDbConnection.php:399
Stack trace:
#0 /var/www/html/yii/framework/db/CDbConnection.php(347): CDbConnection->open()
#1 /var/www/html/yii/framework/db/CDbConnection.php(325): CDbConnection->setActive(true)
#2 /var/www/html/yii/framework/base/CModule.php(394): CDbConnection->init()
#3 /var/www/html/yii/framework/base/CApplication.php(458): CModule->getComponent('db')
#4 /var/www/html/yii/framework/db/ar/CActiveRecord.php(637): CApplication->getDb()
#5 /var/www/html/yii/framework/db/ar/CActiveRecord.php(2384): CActiveRecord->getDbConnection()
#6 /var/www/html/yii/framework/db/ar/CActiveRecord.php(411): CActiveRecordMetaData->__construct(Object(User))
#7 /var/www/html/yii/framework/db/ar/CActiveRecord.php(79): CActiveRecord->getMetaData()
#8 /var/www/html/webapp/protected/controllers/AppController.php(57): CActiveRecord->__construct('login')
#9 /var/www/html/yii/framework/web/actions/CInlineAction.php(49): AppController->actionLogin()
#10 /var/www/html/yii/framework/web/CController.php(308): CInlineAction->runWithParams(Array)
#11 /var/www/html/yii/framework/web/filters/CFilterChain.php(133): CController->runAction(Object(CInlineAction))
#12 /var/www/html/yii/framework/web/filters/CFilter.php(40): CFilterChain->run()
#13 /var/www/html/yii/framework/web/CController.php(1145): CFilter->filter(Object(CFilterChain))
#14 /var/www/html/yii/framework/web/filters/CInlineFilter.php(58): CController->filterAccessControl(Object(CFilterChain))
#15 /var/www/html/yii/framework/web/filters/CFilterChain.php(130): CInlineFilter->filter(Object(CFilterChain))
#16 /var/www/html/yii/framework/web/CController.php(291): CFilterChain->run()
#17 /var/www/html/yii/framework/web/CController.php(265): CController->runActionWithFilters(Object(CInlineAction), Array)
#18 /var/www/html/yii/framework/web/CWebApplication.php(282): CController->run('login')
#19 /var/www/html/yii/framework/web/CWebApplication.php(141): CWebApplication->runController('app/login')
#20 /var/www/html/yii/framework/base/CApplication.php(184): CWebApplication->processRequest()
#21 /var/www/html/webapp/index.php(13): CApplication->run()
#22 {main}
REQUEST_URI=/webapp/index.php?r=app/login
HTTP_REFERER=http://localhost/
---
2015/11/20 10:47:18 [error] [exception.CDbException] exception 'CDbException' with message 'CDbConnection failed to open the DB connection: SQLSTATE[42000] [1049] Unknown database 'lippokemang'' in /var/www/html/yii/framework/db/CDbConnection.php:399
Stack trace:
#0 /var/www/html/yii/framework/db/CDbConnection.php(347): CDbConnection->open()
#1 /var/www/html/yii/framework/db/CDbConnection.php(325): CDbConnection->setActive(true)
#2 /var/www/html/yii/framework/base/CModule.php(394): CDbConnection->init()
#3 /var/www/html/yii/framework/base/CApplication.php(458): CModule->getComponent('db')
#4 /var/www/html/yii/framework/db/ar/CActiveRecord.php(637): CApplication->getDb()
#5 /var/www/html/yii/framework/db/ar/CActiveRecord.php(2384): CActiveRecord->getDbConnection()
#6 /var/www/html/yii/framework/db/ar/CActiveRecord.php(411): CActiveRecordMetaData->__construct(Object(User))
#7 /var/www/html/yii/framework/db/ar/CActiveRecord.php(79): CActiveRecord->getMetaData()
#8 /var/www/html/webapp/protected/controllers/AppController.php(57): CActiveRecord->__construct('login')
#9 /var/www/html/yii/framework/web/actions/CInlineAction.php(49): AppController->actionLogin()
#10 /var/www/html/yii/framework/web/CController.php(308): CInlineAction->runWithParams(Array)
#11 /var/www/html/yii/framework/web/filters/CFilterChain.php(133): CController->runAction(Object(CInlineAction))
#12 /var/www/html/yii/framework/web/filters/CFilter.php(40): CFilterChain->run()
#13 /var/www/html/yii/framework/web/CController.php(1145): CFilter->filter(Object(CFilterChain))
#14 /var/www/html/yii/framework/web/filters/CInlineFilter.php(58): CController->filterAccessControl(Object(CFilterChain))
#15 /var/www/html/yii/framework/web/filters/CFilterChain.php(130): CInlineFilter->filter(Object(CFilterChain))
#16 /var/www/html/yii/framework/web/CController.php(291): CFilterChain->run()
#17 /var/www/html/yii/framework/web/CController.php(265): CController->runActionWithFilters(Object(CInlineAction), Array)
#18 /var/www/html/yii/framework/web/CWebApplication.php(282): CController->run('login')
#19 /var/www/html/yii/framework/web/CWebApplication.php(141): CWebApplication->runController('app/login')
#20 /var/www/html/yii/framework/base/CApplication.php(184): CWebApplication->processRequest()
#21 /var/www/html/webapp/index.php(13): CApplication->run()
#22 {main}
REQUEST_URI=/webapp/index.php?r=app/login
HTTP_REFERER=http://localhost/
---
2015/11/20 10:48:46 [error] [exception.CException] exception 'CException' with message 'Property "User.last_login" is not defined.' in /var/www/html/yii/framework/base/CComponent.php:130
Stack trace:
#0 /var/www/html/yii/framework/db/ar/CActiveRecord.php(145): CComponent->__get('last_login')
#1 /var/www/html/webapp/protected/components/UserIdentity.php(32): CActiveRecord->__get('last_login')
#2 /var/www/html/webapp/protected/models/User.php(159): UserIdentity->authenticate()
#3 /var/www/html/yii/framework/validators/CInlineValidator.php(42): User->login('password', Array)
#4 /var/www/html/yii/framework/validators/CValidator.php(201): CInlineValidator->validateAttribute(Object(User), 'password')
#5 /var/www/html/yii/framework/base/CModel.php(159): CValidator->validate(Object(User), NULL)
#6 /var/www/html/webapp/protected/controllers/AppController.php(62): CModel->validate()
#7 /var/www/html/yii/framework/web/actions/CInlineAction.php(49): AppController->actionLogin()
#8 /var/www/html/yii/framework/web/CController.php(308): CInlineAction->runWithParams(Array)
#9 /var/www/html/yii/framework/web/filters/CFilterChain.php(133): CController->runAction(Object(CInlineAction))
#10 /var/www/html/yii/framework/web/filters/CFilter.php(40): CFilterChain->run()
#11 /var/www/html/yii/framework/web/CController.php(1145): CFilter->filter(Object(CFilterChain))
#12 /var/www/html/yii/framework/web/filters/CInlineFilter.php(58): CController->filterAccessControl(Object(CFilterChain))
#13 /var/www/html/yii/framework/web/filters/CFilterChain.php(130): CInlineFilter->filter(Object(CFilterChain))
#14 /var/www/html/yii/framework/web/CController.php(291): CFilterChain->run()
#15 /var/www/html/yii/framework/web/CController.php(265): CController->runActionWithFilters(Object(CInlineAction), Array)
#16 /var/www/html/yii/framework/web/CWebApplication.php(282): CController->run('login')
#17 /var/www/html/yii/framework/web/CWebApplication.php(141): CWebApplication->runController('app/login')
#18 /var/www/html/yii/framework/base/CApplication.php(184): CWebApplication->processRequest()
#19 /var/www/html/webapp/index.php(13): CApplication->run()
#20 {main}
REQUEST_URI=/webapp/index.php?r=app/login
HTTP_REFERER=http://localhost/webapp/index.php?r=app/login
---
2015/11/20 10:49:44 [error] [system.db.CDbCommand] CDbCommand::fetchAll() failed: SQLSTATE[42S22]: Column not found: 1054 Unknown column 'register_date' in 'order clause'. The SQL statement executed was: SELECT * FROM `member` `t` ORDER BY register_date DESC LIMIT 10.
in /var/www/html/webapp/protected/extensions/bootstrap/widgets/TbGridView.php (48)
in /var/www/html/webapp/protected/modules/master/views/member/_admin.php (79)
in /var/www/html/webapp/protected/modules/master/controllers/MemberController.php (73)
2015/11/20 10:49:44 [error] [exception.CDbException] exception 'CDbException' with message 'CDbCommand failed to execute the SQL statement: SQLSTATE[42S22]: Column not found: 1054 Unknown column 'register_date' in 'order clause'. The SQL statement executed was: SELECT * FROM `member` `t` ORDER BY register_date DESC LIMIT 10' in /var/www/html/yii/framework/db/CDbCommand.php:543
Stack trace:
#0 /var/www/html/yii/framework/db/CDbCommand.php(396): CDbCommand->queryInternal('fetchAll', Array, Array)
#1 /var/www/html/yii/framework/db/ar/CActiveRecord.php(1356): CDbCommand->queryAll()
#2 /var/www/html/yii/framework/db/ar/CActiveRecord.php(1475): CActiveRecord->query(Object(CDbCriteria), true)
#3 /var/www/html/yii/framework/web/CActiveDataProvider.php(199): CActiveRecord->findAll(Object(CDbCriteria))
#4 /var/www/html/yii/framework/web/CDataProvider.php(168): CActiveDataProvider->fetchData()
#5 /var/www/html/yii/framework/zii/widgets/CBaseListView.php(125): CDataProvider->getData()
#6 /var/www/html/yii/framework/zii/widgets/grid/CGridView.php(339): CBaseListView->init()
#7 /var/www/html/webapp/protected/extensions/bootstrap/widgets/TbGridView.php(48): CGridView->init()
#8 /var/www/html/yii/framework/web/CBaseController.php(147): TbGridView->init()
#9 /var/www/html/yii/framework/web/CBaseController.php(180): CBaseController->createWidget('bootstrap.widge...', Array)
#10 /var/www/html/webapp/protected/modules/master/views/member/_admin.php(79): CBaseController->widget('bootstrap.widge...', Array)
#11 /var/www/html/yii/framework/web/CBaseController.php(126): require('/var/www/html/w...')
#12 /var/www/html/yii/framework/web/CBaseController.php(95): CBaseController->renderInternal('/var/www/html/w...', Array, true)
#13 /var/www/html/yii/framework/web/CController.php(869): CBaseController->renderFile('/var/www/html/w...', Array, true)
#14 /var/www/html/webapp/protected/modules/master/controllers/MemberController.php(73): CController->renderPartial('_admin', Array)
#15 /var/www/html/webapp/protected/modules/master/views/member/index.php(13): MemberController->actionAdmin()
#16 /var/www/html/yii/framework/web/CBaseController.php(126): require('/var/www/html/w...')
#17 /var/www/html/yii/framework/web/CBaseController.php(95): CBaseController->renderInternal('/var/www/html/w...', NULL, true)
#18 /var/www/html/yii/framework/web/CController.php(869): CBaseController->renderFile('/var/www/html/w...', NULL, true)
#19 /var/www/html/yii/framework/web/CController.php(782): CController->renderPartial('index', NULL, true)
#20 /var/www/html/webapp/protected/modules/master/controllers/MemberController.php(16): CController->render('index')
#21 /var/www/html/yii/framework/web/actions/CInlineAction.php(49): MemberController->actionIndex()
#22 /var/www/html/yii/framework/web/CController.php(308): CInlineAction->runWithParams(Array)
#23 /var/www/html/yii/framework/web/filters/CFilterChain.php(133): CController->runAction(Object(CInlineAction))
#24 /var/www/html/yii/framework/web/filters/CFilter.php(40): CFilterChain->run()
#25 /var/www/html/yii/framework/web/CController.php(1145): CFilter->filter(Object(CFilterChain))
#26 /var/www/html/yii/framework/web/filters/CInlineFilter.php(58): CController->filterAccessControl(Object(CFilterChain))
#27 /var/www/html/yii/framework/web/filters/CFilterChain.php(130): CInlineFilter->filter(Object(CFilterChain))
#28 /var/www/html/yii/framework/web/CController.php(291): CFilterChain->run()
#29 /var/www/html/yii/framework/web/CController.php(265): CController->runActionWithFilters(Object(CInlineAction), Array)
#30 /var/www/html/yii/framework/web/CWebApplication.php(282): CController->run('')
#31 /var/www/html/yii/framework/web/CWebApplication.php(141): CWebApplication->runController('master/member')
#32 /var/www/html/yii/framework/base/CApplication.php(184): CWebApplication->processRequest()
#33 /var/www/html/webapp/index.php(13): CApplication->run()
#34 {main}
REQUEST_URI=/webapp/index.php?r=master/member
HTTP_REFERER=http://localhost/webapp/index.php?r=app/index
---
